<?xml version="1.0" encoding="UTF-8"?>
<testng-results ignored="0" total="1" passed="1" failed="0" skipped="0">
  <reporter-output>
    <line>
      <![CDATA[===DB CONNECTION===]]>
    </line>
    <line>
      <![CDATA[EdgeBrowser has Launched]]>
    </line>
    <line>
      <![CDATA[User  gets Login To app Successfully]]>
    </line>
    <line>
      <![CDATA[==ORGANIZATION IS CREATED AND TC IS PASSED==]]>
    </line>
    <line>
      <![CDATA[User  gets Logout From app Successfully]]>
    </line>
    <line>
      <![CDATA[Close Browser]]>
    </line>
    <line>
      <![CDATA[===DB DISCONNECTION===]]>
    </line>
  </reporter-output>
  <suite started-at="2024-08-15T22:50:15 IST" name="Default suite" finished-at="2024-08-15T22:50:40 IST" duration-ms="25894">
    <groups>
    </groups>
    <test started-at="2024-08-15T22:50:15 IST" name="Default test" finished-at="2024-08-15T22:50:40 IST" duration-ms="25894">
      <class name="practice.CreateOrganizartionTest">
        <test-method is-config="true" signature="bsconfig()[pri:0, instance:practice.CreateOrganizartionTest@ed7f8b4]" started-at="2024-08-15T22:50:14 IST" name="bsconfig" finished-at="2024-08-15T22:50:15 IST" duration-ms="15" status="PASS">
          <reporter-output>
            <line>
              <![CDATA[===DB CONNECTION===]]>
            </line>
          </reporter-output>
        </test-method> <!-- bsconfig -->
        <test-method is-config="true" signature="bcconfig()[pri:0, instance:practice.CreateOrganizartionTest@ed7f8b4]" started-at="2024-08-15T22:50:15 IST" name="bcconfig" finished-at="2024-08-15T22:50:20 IST" duration-ms="5009" status="PASS">
          <reporter-output>
            <line>
              <![CDATA[EdgeBrowser has Launched]]>
            </line>
          </reporter-output>
        </test-method> <!-- bcconfig -->
        <test-method is-config="true" signature="loginToApp()[pri:0, instance:practice.CreateOrganizartionTest@ed7f8b4]" started-at="2024-08-15T22:50:20 IST" name="loginToApp" finished-at="2024-08-15T22:50:22 IST" duration-ms="2631" status="PASS">
          <reporter-output>
            <line>
              <![CDATA[User  gets Login To app Successfully]]>
            </line>
          </reporter-output>
        </test-method> <!-- loginToApp -->
        <test-method signature="createOrg()[pri:0, instance:practice.CreateOrganizartionTest@ed7f8b4]" started-at="2024-08-15T22:50:22 IST" name="createOrg" finished-at="2024-08-15T22:50:38 IST" duration-ms="16058" status="PASS">
          <reporter-output>
            <line>
              <![CDATA[==ORGANIZATION IS CREATED AND TC IS PASSED==]]>
            </line>
          </reporter-output>
        </test-method> <!-- createOrg -->
        <test-method is-config="true" signature="logoutfomapp()[pri:0, instance:practice.CreateOrganizartionTest@ed7f8b4]" started-at="2024-08-15T22:50:38 IST" name="logoutfomapp" finished-at="2024-08-15T22:50:39 IST" duration-ms="840" status="PASS">
          <reporter-output>
            <line>
              <![CDATA[User  gets Logout From app Successfully]]>
            </line>
          </reporter-output>
        </test-method> <!-- logoutfomapp -->
        <test-method is-config="true" signature="tearDown()[pri:0, instance:practice.CreateOrganizartionTest@ed7f8b4]" started-at="2024-08-15T22:50:39 IST" name="tearDown" finished-at="2024-08-15T22:50:40 IST" duration-ms="1288" status="PASS">
          <reporter-output>
            <line>
              <![CDATA[Close Browser]]>
            </line>
          </reporter-output>
        </test-method> <!-- tearDown -->
        <test-method is-config="true" signature="asconfig()[pri:0, instance:practice.CreateOrganizartionTest@ed7f8b4]" started-at="2024-08-15T22:50:40 IST" name="asconfig" finished-at="2024-08-15T22:50:40 IST" duration-ms="0" status="PASS">
          <reporter-output>
            <line>
              <![CDATA[===DB DISCONNECTION===]]>
            </line>
          </reporter-output>
        </test-method> <!-- asconfig -->
      </class> <!-- practice.CreateOrganizartionTest -->
    </test> <!-- Default test -->
  </suite> <!-- Default suite -->
</testng-results>
